# JRE version: Java(TM) SE Runtime Environment (8.0_171-b11) (build 1.8.0_171-b11)
# Java VM: Java HotSpot(TM) 64-Bit Server VM (25.171-b11 mixed mode linux-amd64 compressed oops)
Heap:
 PSYoungGen      total 2143232K, used 0K [0x000000072ab00000, 0x00000007c0000000, 0x00000007c0000000)
  eden space 1840128K, 0% used [0x000000072ab00000,0x000000072ab00000,0x000000079b000000)
  from space 303104K, 0% used [0x000000079b000000,0x000000079b000000,0x00000007ad800000)
  to   space 302592K, 0% used [0x00000007ad880000,0x00000007ad880000,0x00000007c0000000)
 ParOldGen       total 2719744K, used 530598K [0x0000000600000000, 0x00000006a6000000, 0x000000072ab00000)
  object space 2719744K, 19% used [0x0000000600000000,0x0000000620629b20,0x00000006a6000000)
 Metaspace       used 22730K, capacity 23058K, committed 23424K, reserved 1069056K
  class space    used 2755K, capacity 2869K, committed 2944K, reserved 1048576K
GC Heap History (10 events):
Event: 1425.217 GC heap after
Heap after GC invocations=688 (full 37):
 PSYoungGen      total 2024960K, used 188755K [0x000000072ab00000, 0x00000007bf000000, 0x00000007c0000000)
  eden space 1836032K, 0% used [0x000000072ab00000,0x000000072ab00000,0x000000079ac00000)
  from space 188928K, 99% used [0x000000079ac00000,0x00000007a6454fb8,0x00000007a6480000)
  to   space 295936K, 0% used [0x00000007acf00000,0x00000007acf00000,0x00000007bf000000)
 ParOldGen       total 2719744K, used 2055690K [0x0000000600000000, 0x00000006a6000000, 0x000000072ab00000)
  object space 2719744K, 75% used [0x0000000600000000,0x000000067d7829f8,0x00000006a6000000)
 Metaspace       used 22730K, capacity 23058K, committed 23424K, reserved 1069056K
  class space    used 2755K, capacity 2869K, committed 2944K, reserved 1048576K
}
Event: 1428.471 GC heap before
{Heap before GC invocations=689 (full 37):
 PSYoungGen      total 2024960K, used 2024787K [0x000000072ab00000, 0x00000007bf000000, 0x00000007c0000000)
  eden space 1836032K, 100% used [0x000000072ab00000,0x000000079ac00000,0x000000079ac00000)
  from space 188928K, 99% used [0x000000079ac00000,0x00000007a6454fb8,0x00000007a6480000)
  to   space 295936K, 0% used [0x00000007acf00000,0x00000007acf00000,0x00000007bf000000)
 ParOldGen       total 2719744K, used 2055690K [0x0000000600000000, 0x00000006a6000000, 0x000000072ab00000)
  object space 2719744K, 75% used [0x0000000600000000,0x000000067d7829f8,0x00000006a6000000)
 Metaspace       used 22730K, capacity 23058K, committed 23424K, reserved 1069056K
  class space    used 2755K, capacity 2869K, committed 2944K, reserved 1048576K
Event: 1428.751 GC heap after
Heap after GC invocations=689 (full 37):
 PSYoungGen      total 2132992K, used 214003K [0x000000072ab00000, 0x00000007c0000000, 0x00000007c0000000)
  eden space 1837056K, 0% used [0x000000072ab00000,0x000000072ab00000,0x000000079ad00000)
  from space 295936K, 72% used [0x00000007acf00000,0x00000007b9ffceb8,0x00000007bf000000)
  to   space 296960K, 0% used [0x000000079ad00000,0x000000079ad00000,0x00000007acf00000)
 ParOldGen       total 2719744K, used 2243522K [0x0000000600000000, 0x00000006a6000000, 0x000000072ab00000)
  object space 2719744K, 82% used [0x0000000600000000,0x0000000688ef0928,0x00000006a6000000)
 Metaspace       used 22730K, capacity 23058K, committed 23424K, reserved 1069056K
  class space    used 2755K, capacity 2869K, committed 2944K, reserved 1048576K
}
Event: 1431.964 GC heap before
{Heap before GC invocations=690 (full 37):
 PSYoungGen      total 2132992K, used 2051059K [0x000000072ab00000, 0x00000007c0000000, 0x00000007c0000000)
  eden space 1837056K, 100% used [0x000000072ab00000,0x000000079ad00000,0x000000079ad00000)
  from space 295936K, 72% used [0x00000007acf00000,0x00000007b9ffceb8,0x00000007bf000000)
  to   space 296960K, 0% used [0x000000079ad00000,0x000000079ad00000,0x00000007acf00000)
 ParOldGen       total 2719744K, used 2243522K [0x0000000600000000, 0x00000006a6000000, 0x000000072ab00000)
  object space 2719744K, 82% used [0x0000000600000000,0x0000000688ef0928,0x00000006a6000000)
 Metaspace       used 22730K, capacity 23058K, committed 23424K, reserved 1069056K
  class space    used 2755K, capacity 2869K, committed 2944K, reserved 1048576K
Event: 1432.035 GC heap after
Heap after GC invocations=690 (full 37):
 PSYoungGen      total 2134016K, used 94772K [0x000000072ab00000, 0x00000007c0000000, 0x00000007c0000000)
  eden space 1837056K, 0% used [0x000000072ab00000,0x000000072ab00000,0x000000079ad00000)
  from space 296960K, 31% used [0x000000079ad00000,0x00000007a098d338,0x00000007acf00000)
  to   space 300544K, 0% used [0x00000007ada80000,0x00000007ada80000,0x00000007c0000000)
 ParOldGen       total 2719744K, used 2243562K [0x0000000600000000, 0x00000006a6000000, 0x000000072ab00000)
  object space 2719744K, 82% used [0x0000000600000000,0x0000000688efa928,0x00000006a6000000)
 Metaspace       used 22730K, capacity 23058K, committed 23424K, reserved 1069056K
  class space    used 2755K, capacity 2869K, committed 2944K, reserved 1048576K
}
Event: 1435.453 GC heap before
{Heap before GC invocations=691 (full 37):
 PSYoungGen      total 2134016K, used 1931828K [0x000000072ab00000, 0x00000007c0000000, 0x00000007c0000000)
  eden space 1837056K, 100% used [0x000000072ab00000,0x000000079ad00000,0x000000079ad00000)
  from space 296960K, 31% used [0x000000079ad00000,0x00000007a098d338,0x00000007acf00000)
  to   space 300544K, 0% used [0x00000007ada80000,0x00000007ada80000,0x00000007c0000000)
 ParOldGen       total 2719744K, used 2243562K [0x0000000600000000, 0x00000006a6000000, 0x000000072ab00000)
  object space 2719744K, 82% used [0x0000000600000000,0x0000000688efa928,0x00000006a6000000)
 Metaspace       used 22730K, capacity 23058K, committed 23424K, reserved 1069056K
  class space    used 2755K, capacity 2869K, committed 2944K, reserved 1048576K
Event: 1435.665 GC heap after
Heap after GC invocations=691 (full 37):
 PSYoungGen      total 2140672K, used 215491K [0x000000072ab00000, 0x00000007c0000000, 0x00000007c0000000)
  eden space 1840128K, 0% used [0x000000072ab00000,0x000000072ab00000,0x000000079b000000)
  from space 300544K, 71% used [0x00000007ada80000,0x00000007bacf0d40,0x00000007c0000000)
  to   space 303104K, 0% used [0x000000079b000000,0x000000079b000000,0x00000007ad800000)
 ParOldGen       total 2719744K, used 2336296K [0x0000000600000000, 0x00000006a6000000, 0x000000072ab00000)
  object space 2719744K, 85% used [0x0000000600000000,0x000000068e98a2e8,0x00000006a6000000)
 Metaspace       used 22730K, capacity 23058K, committed 23424K, reserved 1069056K
  class space    used 2755K, capacity 2869K, committed 2944K, reserved 1048576K
}
Event: 1438.979 GC heap before
{Heap before GC invocations=692 (full 37):
 PSYoungGen      total 2140672K, used 2055619K [0x000000072ab00000, 0x00000007c0000000, 0x00000007c0000000)
  eden space 1840128K, 100% used [0x000000072ab00000,0x000000079b000000,0x000000079b000000)
  from space 300544K, 71% used [0x00000007ada80000,0x00000007bacf0d40,0x00000007c0000000)
  to   space 303104K, 0% used [0x000000079b000000,0x000000079b000000,0x00000007ad800000)
 ParOldGen       total 2719744K, used 2336296K [0x0000000600000000, 0x00000006a6000000, 0x000000072ab00000)
  object space 2719744K, 85% used [0x0000000600000000,0x000000068e98a2e8,0x00000006a6000000)
 Metaspace       used 22730K, capacity 23058K, committed 23424K, reserved 1069056K
  class space    used 2755K, capacity 2869K, committed 2944K, reserved 1048576K
Event: 1439.350 GC heap after
Heap after GC invocations=692 (full 37):
 PSYoungGen      total 2143232K, used 211190K [0x000000072ab00000, 0x00000007c0000000, 0x00000007c0000000)
  eden space 1840128K, 0% used [0x000000072ab00000,0x000000072ab00000,0x000000079b000000)
  from space 303104K, 69% used [0x000000079b000000,0x00000007a7e3d810,0x00000007ad800000)
  to   space 302592K, 0% used [0x00000007ad880000,0x00000007ad880000,0x00000007c0000000)
 ParOldGen       total 2719744K, used 2550972K [0x0000000600000000, 0x00000006a6000000, 0x000000072ab00000)
  object space 2719744K, 93% used [0x0000000600000000,0x000000069bb2f040,0x00000006a6000000)
 Metaspace       used 22730K, capacity 23058K, committed 23424K, reserved 1069056K
  class space    used 2755K, capacity 2869K, committed 2944K, reserved 1048576K
}
Event: 1439.351 GC heap before
{Heap before GC invocations=693 (full 38):
 PSYoungGen      total 2143232K, used 211190K [0x000000072ab00000, 0x00000007c0000000, 0x00000007c0000000)
  eden space 1840128K, 0% used [0x000000072ab00000,0x000000072ab00000,0x000000079b000000)
  from space 303104K, 69% used [0x000000079b000000,0x00000007a7e3d810,0x00000007ad800000)
  to   space 302592K, 0% used [0x00000007ad880000,0x00000007ad880000,0x00000007c0000000)
 ParOldGen       total 2719744K, used 2550972K [0x0000000600000000, 0x00000006a6000000, 0x000000072ab00000)
  object space 2719744K, 93% used [0x0000000600000000,0x000000069bb2f040,0x00000006a6000000)
 Metaspace       used 22730K, capacity 23058K, committed 23424K, reserved 1069056K
  class space    used 2755K, capacity 2869K, committed 2944K, reserved 1048576K

